0 info it worked if it ends with ok
1 verbose cli [
1 verbose cli   'C:\\Program Files\\nodejs\\node.exe',
1 verbose cli   'C:\\Users\\USER\\AppData\\Roaming\\npm\\node_modules\\npm\\bin\\npm-cli.js',
1 verbose cli   'start'
1 verbose cli ]
2 info using npm@3.10.9
3 info using node@v12.13.1
4 verbose run-script [ 'prestart', 'start', 'poststart' ]
5 info lifecycle server@1.0.0~prestart: server@1.0.0
6 silly lifecycle server@1.0.0~prestart: no script for prestart, continuing
7 info lifecycle server@1.0.0~start: server@1.0.0
8 verbose lifecycle server@1.0.0~start: unsafe-perm in lifecycle true
9 verbose lifecycle server@1.0.0~start: PATH: C:\Users\USER\AppData\Roaming\npm\node_modules\npm\bin\node-gyp-bin;D:\ARDI\Workspace\PostWebApp\server\node_modules\.bin;C:\oraclexe\app\oracle\product\11.2.0\server\bin;C:\ProgramData\Oracle\Java\javapath;C:\WINDOWS\system32;C:\WINDOWS;C:\WINDOWS\System32\Wbem;C:\WINDOWS\System32\WindowsPowerShell\v1.0\;C:\Program Files\Java\jdk1.8.0_102\bin;C:\Program Files\Git\cmd;C:\Program Files\PuTTY\;C:\ProgramData\chocolatey\bin;C:\WINDOWS\System32\OpenSSH\;C:\Program Files\Microsoft SQL Server\130\Tools\Binn\;C:\Program Files (x86)\Windows Kits\10\Windows Performance Toolkit\;C:\Program Files (x86)\Windows Kits\8.1\Windows Performance Toolkit\;C:\Users\USER\AppData\Roaming\npm;D:\scala\bin;D:\spark\spark-2.2.3-bin-hadoop2.7\bin;D:\apache-maven-3.3.9\bin;C:\Program Files\Amazon\AWSCLI\bin\;D:\spark\spark-2.2.3-bin-hadoop2.7\hadoop\bin;C:\Program Files\nodejs\;D:\ARDI\Aplications\Anaconda;D:\ARDI\Aplications\Anaconda\Library\mingw-w64\bin;D:\ARDI\Aplications\Anaconda\Library\usr\bin;D:\ARDI\Aplications\Anaconda\Library\bin;D:\ARDI\Aplications\Anaconda\Scripts;D:\ARDI\Aplications\Python\Scripts\;D:\ARDI\Aplications\Python\;C:\Users\USER\AppData\Local\GitHubDesktop\bin;C:\Users\USER\AppData\Local\Android\Sdk\platform-tools;C:\Users\USER\AppData\Local\Microsoft\WindowsApps;C:\Users\USER\AppData\Local\atom\bin;D:\ARDI\Aplications\IntelliJ IDEA Community Edition 2019.2.3\bin;
10 verbose lifecycle server@1.0.0~start: CWD: D:\ARDI\Workspace\PostWebApp\server
11 silly lifecycle server@1.0.0~start: Args: [ '/d /s /c', 'nodemon src/app.js' ]
12 verbose stack Error: kill ENOSYS
12 verbose stack     at process.kill (internal/process/per_thread.js:189:13)
12 verbose stack     at process.listener (C:\Users\USER\AppData\Roaming\npm\node_modules\npm\node_modules\npmlog\node_modules\gauge\node_modules\signal-exit\index.js:86:15)
12 verbose stack     at process.emit (events.js:215:7)
13 verbose cwd D:\ARDI\Workspace\PostWebApp\server
14 error Windows_NT 10.0.17134
15 error argv "C:\\Program Files\\nodejs\\node.exe" "C:\\Users\\USER\\AppData\\Roaming\\npm\\node_modules\\npm\\bin\\npm-cli.js" "start"
16 error node v12.13.1
17 error npm  v3.10.9
18 error code ENOSYS
19 error errno ENOSYS
20 error syscall kill
21 error kill ENOSYS
22 error If you need help, you may report this error at:
22 error     <https://github.com/npm/npm/issues>
23 verbose exit [ 1, true ]
